#
# A fatal error has been detected by the Java Runtime Environment:
#
#  EXCEPTION_ACCESS_VIOLATION (0xc0000005) at pc=0x617493cd, pid=8788, tid=0x000022f0
#
# JRE version: Java(TM) SE Runtime Environment (8.0_92-b14) (build 1.8.0_92-b14)
# Java VM: Java HotSpot(TM) Client VM (25.92-b14 mixed mode windows-x86 )
# Problematic frame:
# C  [listSerialsj.dll+0x93cd]
#
# Failed to write core dump. Minidumps are not enabled by default on client versions of Windows
#
# If you would like to submit a bug report, please visit:
#   http://bugreport.java.com/bugreport/crash.jsp
# The crash happened outside the Java Virtual Machine in native code.
# See problematic frame for where to report the bug.
#

---------------  T H R E A D  ---------------

Current thread (0x2671f400):  JavaThread "cc.arduino.packages.discoverers.serial.SerialBoardsLister" [_thread_in_native, id=8944, stack(0x261f0000,0x26240000)]

siginfo: ExceptionCode=0xc0000005, writing address 0x00000000

Registers:
EAX=0x00000000, EBX=0x00000b00, ECX=0x00000000, EDX=0x00000001
ESP=0x2623ecc0, EBP=0x2623f118, ESI=0x00000001, EDI=0x0057ec00
EIP=0x617493cd, EFLAGS=0x00010246

Top of Stack: (sp=0x2623ecc0)
0x2623ecc0:   008e7cb8 0000002e 00000002 00000000
0x2623ecd0:   00000003 00000000 00000000 00000000
0x2623ece0:   00000002 0057f7c8 0000006c 76b4a540
0x2623ecf0:   008e1050 00317645 0057ece8 0000000d
0x2623ed00:   7430c070 00000007 00000017 00000002
0x2623ed10:   00000001 0000006c 00000059 0000008c
0x2623ed20:   008ced0c 00000000 334d4f43 0030d200
0x2623ed30:   00425355 fffffffe 7430c065 617419bf 

Instructions: (pc=0x617493cd)
0x617493ad:   8b 45 08 8b 90 94 00 00 00 85 d2 74 16 8b 40 2c
0x617493bd:   c7 44 24 04 2e 00 00 00 89 04 24 e8 73 14 00 00
0x617493cd:   c6 00 00 8d 85 04 fc ff ff 89 44 24 18 8d 85 0a
0x617493dd:   fc ff ff 89 44 24 10 a1 e4 01 75 61 c7 85 04 fc 


Register to memory mapping:

EAX=0x00000000 is an unknown value
EBX=0x00000b00 is an unknown value
ECX=0x00000000 is an unknown value
EDX=0x00000001 is an unknown value
ESP=0x2623ecc0 is pointing into the stack for thread: 0x2671f400
EBP=0x2623f118 is pointing into the stack for thread: 0x2671f400
ESI=0x00000001 is an unknown value
EDI=0x0057ec00 is an unknown value


Stack: [0x261f0000,0x26240000],  sp=0x2623ecc0,  free space=315k
Native frames: (J=compiled Java code, j=interpreted, Vv=VM code, C=native code)
C  [listSerialsj.dll+0x93cd]
C  [listSerialsj.dll+0x2211]

Java frames: (J=compiled Java code, j=interpreted, Vv=VM code)
j  processing.app.Platform.listSerialsNative()[Ljava/lang/String;+0
j  processing.app.Platform.listSerials()Ljava/util/List;+5
j  cc.arduino.packages.discoverers.serial.SerialBoardsLister.retriggerDiscovery(Z)V+22
j  cc.arduino.packages.discoverers.serial.SerialBoardsLister.run()V+9
j  java.util.TimerThread.mainLoop()V+221
j  java.util.TimerThread.run()V+1
v  ~StubRoutines::call_stub

---------------  P R O C E S S  ---------------

Java Threads: ( => current thread )
  0x26bed800 JavaThread "Timer-1" [_thread_blocked, id=4760, stack(0x25f90000,0x25fe0000)]
  0x26beb000 JavaThread "DestroyJavaVM" [_thread_blocked, id=5452, stack(0x00b20000,0x00b70000)]
  0x26becc00 JavaThread "TimerQueue" daemon [_thread_blocked, id=1976, stack(0x284c0000,0x28510000)]
  0x2678dc00 JavaThread "AWT-EventQueue-0" [_thread_blocked, id=9988, stack(0x27d40000,0x27d90000)]
  0x2678d400 JavaThread "AWT-Shutdown" [_thread_blocked, id=8044, stack(0x27cb0000,0x27d00000)]
  0x2678c000 JavaThread "Batik CleanerThread" daemon [_thread_blocked, id=8700, stack(0x27990000,0x279e0000)]
  0x2678f400 JavaThread "JmDNS(136-206-247-195.local.).Timer" daemon [_thread_blocked, id=7332, stack(0x27680000,0x276d0000)]
  0x2678d000 JavaThread "JmDNS(136-206-247-195.local.).State.Timer" [_thread_blocked, id=6184, stack(0x275f0000,0x27640000)]
  0x2678e000 JavaThread "JmDNS(136-206-247-195.local.).Timer" daemon [_thread_blocked, id=10032, stack(0x27320000,0x27370000)]
  0x2678ec00 JavaThread "SocketListener(136-206-247-195.local.)" daemon [_thread_in_native, id=4168, stack(0x272d0000,0x27320000)]
  0x2678e800 JavaThread "JmDNS(fe80:0:0:0:d941:f01:47e7:3d62%wlan0.local.).Timer" daemon [_thread_blocked, id=8480, stack(0x27560000,0x275b0000)]
  0x2678c800 JavaThread "JmDNS(fe80:0:0:0:d941:f01:47e7:3d62%wlan0.local.).State.Timer" [_thread_blocked, id=8720, stack(0x274d0000,0x27520000)]
  0x24a5c400 JavaThread "JmDNS(fe80:0:0:0:d941:f01:47e7:3d62%wlan0.local.).Timer" daemon [_thread_blocked, id=9768, stack(0x27440000,0x27490000)]
  0x255ad000 JavaThread "SocketListener(fe80:0:0:0:d941:f01:47e7:3d62%wlan0.local.)" daemon [_thread_in_native, id=9852, stack(0x273b0000,0x27400000)]
  0x2673cc00 JavaThread "cc.arduino.packages.discoverers.network.BoardReachabilityFilter" [_thread_blocked, id=7548, stack(0x270d0000,0x27120000)]
  0x2673c400 JavaThread "cc.arduino.packages.discoverers.network.NetworkChecker" [_thread_in_native, id=6752, stack(0x27040000,0x27090000)]
=>0x2671f400 JavaThread "cc.arduino.packages.discoverers.serial.SerialBoardsLister" [_thread_in_native, id=8944, stack(0x261f0000,0x26240000)]
  0x25511400 JavaThread "AWT-Windows" daemon [_thread_in_native, id=6468, stack(0x25a30000,0x25a80000)]
  0x25510000 JavaThread "Java2D Disposer" daemon [_thread_blocked, id=2352, stack(0x25910000,0x25960000)]
  0x24a20c00 JavaThread "Service Thread" daemon [_thread_blocked, id=9588, stack(0x25300000,0x25350000)]
  0x24a2b000 JavaThread "C1 CompilerThread0" daemon [_thread_blocked, id=9380, stack(0x25270000,0x252c0000)]
  0x24a29800 JavaThread "Attach Listener" daemon [_thread_blocked, id=5944, stack(0x251e0000,0x25230000)]
  0x24a27400 JavaThread "Signal Dispatcher" daemon [_thread_blocked, id=9064, stack(0x24c30000,0x24c80000)]
  0x24a0a000 JavaThread "Finalizer" daemon [_thread_blocked, id=5704, stack(0x25060000,0x250b0000)]
  0x249f4400 JavaThread "Reference Handler" daemon [_thread_blocked, id=7580, stack(0x24fd0000,0x25020000)]

Other Threads:
  0x0218d400 VMThread [stack: 0x00b70000,0x00bc0000] [id=8588]
  0x24a25400 WatcherThread [stack: 0x25390000,0x253e0000] [id=5840]

VM state:not at safepoint (normal execution)

VM Mutex/Monitor currently owned by a thread: None

Heap:
 def new generation   total 39424K, used 10223K [0x04400000, 0x06ec0000, 0x0eea0000)
  eden space 35072K,  25% used [0x04400000, 0x04c99620, 0x06640000)
  from space 4352K,  32% used [0x06a80000, 0x06be26a0, 0x06ec0000)
  to   space 4352K,   0% used [0x06640000, 0x06640000, 0x06a80000)
 tenured generation   total 87424K, used 26691K [0x0eea0000, 0x14400000, 0x24400000)
   the space 87424K,  30% used [0x0eea0000, 0x108b0ef8, 0x108b1000, 0x14400000)
 Metaspace       used 19647K, capacity 20156K, committed 20224K, reserved 20864K

Card table byte_map: [0x24400000,0x24510000] byte_map_base: 0x243de000

Polling page: 0x004d0000

CodeCache: size=32768Kb used=3620Kb max_used=3620Kb free=29147Kb
 bounds [0x022d0000, 0x02660000, 0x042d0000]
 total_blobs=2209 nmethods=1934 adapters=205
 compilation: enabled

Compilation events (10 events):
Event: 468.773 Thread 0x24a2b000 1959             javax.jmdns.impl.DNSMessage::<init> (76 bytes)
Event: 468.775 Thread 0x24a2b000 nmethod 1959 0x02658ac8 code [0x02658be0, 0x02658fa0]
Event: 468.876 Thread 0x24a2b000 1960             java.util.concurrent.ConcurrentHashMap$BaseIterator::hasNext (13 bytes)
Event: 468.876 Thread 0x24a2b000 nmethod 1960 0x02659148 code [0x02659240, 0x026592d0]
Event: 471.130 Thread 0x24a2b000 1961             javax.jmdns.impl.ServiceInfoImpl::addAddress (12 bytes)
Event: 471.131 Thread 0x24a2b000 nmethod 1961 0x02659308 code [0x02659410, 0x026594ac]
Event: 471.131 Thread 0x24a2b000 1962             javax.jmdns.impl.ServiceInfoImpl::addAddress (12 bytes)
Event: 471.131 Thread 0x24a2b000 nmethod 1962 0x02659508 code [0x02659610, 0x026596ac]
Event: 482.519 Thread 0x24a2b000 1963             javax.jmdns.impl.JmDNSImpl::getServices (5 bytes)
Event: 482.520 Thread 0x24a2b000 nmethod 1963 0x02659708 code [0x02659800, 0x02659880]

GC Heap History (10 events):
Event: 6.381 GC heap before
{Heap before GC invocations=1 (full 0):
 def new generation   total 39296K, used 39296K [0x04400000, 0x06ea0000, 0x0eea0000)
  eden space 34944K, 100% used [0x04400000, 0x06620000, 0x06620000)
  from space 4352K, 100% used [0x06a60000, 0x06ea0000, 0x06ea0000)
  to   space 4352K,   0% used [0x06620000, 0x06620000, 0x06a60000)
 tenured generation   total 87424K, used 2804K [0x0eea0000, 0x14400000, 0x24400000)
   the space 87424K,   3% used [0x0eea0000, 0x0f15d048, 0x0f15d200, 0x14400000)
 Metaspace       used 11330K, capacity 11689K, committed 11776K, reserved 12672K
Event: 6.439 GC heap after
Heap after GC invocations=2 (full 0):
 def new generation   total 39296K, used 4352K [0x04400000, 0x06ea0000, 0x0eea0000)
  eden space 34944K,   0% used [0x04400000, 0x04400000, 0x06620000)
  from space 4352K, 100% used [0x06620000, 0x06a60000, 0x06a60000)
  to   space 4352K,   0% used [0x06a60000, 0x06a60000, 0x06ea0000)
 tenured generation   total 87424K, used 9716K [0x0eea0000, 0x14400000, 0x24400000)
   the space 87424K,  11% used [0x0eea0000, 0x0f81d308, 0x0f81d400, 0x14400000)
 Metaspace       used 11330K, capacity 11689K, committed 11776K, reserved 12672K
}
Event: 8.136 GC heap before
{Heap before GC invocations=2 (full 0):
 def new generation   total 39296K, used 14202K [0x04400000, 0x06ea0000, 0x0eea0000)
  eden space 34944K,  28% used [0x04400000, 0x04d9e900, 0x06620000)
  from space 4352K, 100% used [0x06620000, 0x06a60000, 0x06a60000)
  to   space 4352K,   0% used [0x06a60000, 0x06a60000, 0x06ea0000)
 tenured generation   total 87424K, used 9716K [0x0eea0000, 0x14400000, 0x24400000)
   the space 87424K,  11% used [0x0eea0000, 0x0f81d308, 0x0f81d400, 0x14400000)
 Metaspace       used 11892K, capacity 12248K, committed 12288K, reserved 12672K
Event: 8.215 GC heap after
Heap after GC invocations=3 (full 1):
 def new generation   total 39424K, used 0K [0x04400000, 0x06ec0000, 0x0eea0000)
  eden space 35072K,   0% used [0x04400000, 0x04400000, 0x06640000)
  from space 4352K,   0% used [0x06640000, 0x06640000, 0x06a80000)
  to   space 4352K,   0% used [0x06a80000, 0x06a80000, 0x06ec0000)
 tenured generation   total 87424K, used 15123K [0x0eea0000, 0x14400000, 0x24400000)
   the space 87424K,  17% used [0x0eea0000, 0x0fd64f18, 0x0fd65000, 0x14400000)
 Metaspace       used 11892K, capacity 12248K, committed 12288K, reserved 12672K
}
Event: 14.408 GC heap before
{Heap before GC invocations=3 (full 1):
 def new generation   total 39424K, used 35072K [0x04400000, 0x06ec0000, 0x0eea0000)
  eden space 35072K, 100% used [0x04400000, 0x06640000, 0x06640000)
  from space 4352K,   0% used [0x06640000, 0x06640000, 0x06a80000)
  to   space 4352K,   0% used [0x06a80000, 0x06a80000, 0x06ec0000)
 tenured generation   total 87424K, used 15123K [0x0eea0000, 0x14400000, 0x24400000)
   the space 87424K,  17% used [0x0eea0000, 0x0fd64f18, 0x0fd65000, 0x14400000)
 Metaspace       used 16745K, capacity 17195K, committed 17280K, reserved 17792K
Event: 14.436 GC heap after
Heap after GC invocations=4 (full 1):
 def new generation   total 39424K, used 4352K [0x04400000, 0x06ec0000, 0x0eea0000)
  eden space 35072K,   0% used [0x04400000, 0x04400000, 0x06640000)
  from space 4352K, 100% used [0x06a80000, 0x06ec0000, 0x06ec0000)
  to   space 4352K,   0% used [0x06640000, 0x06640000, 0x06a80000)
 tenured generation   total 87424K, used 16958K [0x0eea0000, 0x14400000, 0x24400000)
   the space 87424K,  19% used [0x0eea0000, 0x0ff2fa38, 0x0ff2fc00, 0x14400000)
 Metaspace       used 16745K, capacity 17195K, committed 17280K, reserved 17792K
}
Event: 79.260 GC heap before
{Heap before GC invocations=4 (full 1):
 def new generation   total 39424K, used 39424K [0x04400000, 0x06ec0000, 0x0eea0000)
  eden space 35072K, 100% used [0x04400000, 0x06640000, 0x06640000)
  from space 4352K, 100% used [0x06a80000, 0x06ec0000, 0x06ec0000)
  to   space 4352K,   0% used [0x06640000, 0x06640000, 0x06a80000)
 tenured generation   total 87424K, used 16958K [0x0eea0000, 0x14400000, 0x24400000)
   the space 87424K,  19% used [0x0eea0000, 0x0ff2fa38, 0x0ff2fc00, 0x14400000)
 Metaspace       used 19204K, capacity 19701K, committed 19840K, reserved 19840K
Event: 79.307 GC heap after
Heap after GC invocations=5 (full 1):
 def new generation   total 39424K, used 4352K [0x04400000, 0x06ec0000, 0x0eea0000)
  eden space 35072K,   0% used [0x04400000, 0x04400000, 0x06640000)
  from space 4352K, 100% used [0x06640000, 0x06a80000, 0x06a80000)
  to   space 4352K,   0% used [0x06a80000, 0x06a80000, 0x06ec0000)
 tenured generation   total 87424K, used 22414K [0x0eea0000, 0x14400000, 0x24400000)
   the space 87424K,  25% used [0x0eea0000, 0x10483ad8, 0x10483c00, 0x14400000)
 Metaspace       used 19204K, capacity 19701K, committed 19840K, reserved 19840K
}
Event: 442.544 GC heap before
{Heap before GC invocations=5 (full 1):
 def new generation   total 39424K, used 39424K [0x04400000, 0x06ec0000, 0x0eea0000)
  eden space 35072K, 100% used [0x04400000, 0x06640000, 0x06640000)
  from space 4352K, 100% used [0x06640000, 0x06a80000, 0x06a80000)
  to   space 4352K,   0% used [0x06a80000, 0x06a80000, 0x06ec0000)
 tenured generation   total 87424K, used 22414K [0x0eea0000, 0x14400000, 0x24400000)
   the space 87424K,  25% used [0x0eea0000, 0x10483ad8, 0x10483c00, 0x14400000)
 Metaspace       used 19647K, capacity 20156K, committed 20224K, reserved 20864K
Event: 442.577 GC heap after
Heap after GC invocations=6 (full 1):
 def new generation   total 39424K, used 1417K [0x04400000, 0x06ec0000, 0x0eea0000)
  eden space 35072K,   0% used [0x04400000, 0x04400000, 0x06640000)
  from space 4352K,  32% used [0x06a80000, 0x06be26a0, 0x06ec0000)
  to   space 4352K,   0% used [0x06640000, 0x06640000, 0x06a80000)
 tenured generation   total 87424K, used 26691K [0x0eea0000, 0x14400000, 0x24400000)
   the space 87424K,  30% used [0x0eea0000, 0x108b0ef8, 0x108b1000, 0x14400000)
 Metaspace       used 19647K, capacity 20156K, committed 20224K, reserved 20864K
}

Deoptimization events (0 events):
No events

Internal exceptions (10 events):
Event: 79.165 Thread 0x26beb800 Exception <a 'sun/nio/fs/WindowsException'> (0x06522368) thrown at [C:\workspace\8-2-build-windows-i586-cygwin\jdk8u92\6642\hotspot\src\share\vm\prims\jni.cpp, line 709]
Event: 79.187 Thread 0x26beb800 Exception <a 'sun/nio/fs/WindowsException'> (0x0657e928) thrown at [C:\workspace\8-2-build-windows-i586-cygwin\jdk8u92\6642\hotspot\src\share\vm\prims\jni.cpp, line 709]
Event: 79.187 Thread 0x26beb800 Exception <a 'sun/nio/fs/WindowsException'> (0x0657ef30) thrown at [C:\workspace\8-2-build-windows-i586-cygwin\jdk8u92\6642\hotspot\src\share\vm\prims\jni.cpp, line 709]
Event: 79.204 Thread 0x26beb800 Exception <a 'sun/nio/fs/WindowsException'> (0x065969a0) thrown at [C:\workspace\8-2-build-windows-i586-cygwin\jdk8u92\6642\hotspot\src\share\vm\prims\jni.cpp, line 709]
Event: 79.204 Thread 0x26beb800 Exception <a 'sun/nio/fs/WindowsException'> (0x06596f20) thrown at [C:\workspace\8-2-build-windows-i586-cygwin\jdk8u92\6642\hotspot\src\share\vm\prims\jni.cpp, line 709]
Event: 79.216 Thread 0x26beb800 Exception <a 'sun/nio/fs/WindowsException'> (0x065a2ee0) thrown at [C:\workspace\8-2-build-windows-i586-cygwin\jdk8u92\6642\hotspot\src\share\vm\prims\jni.cpp, line 709]
Event: 79.216 Thread 0x26beb800 Exception <a 'sun/nio/fs/WindowsException'> (0x065a3498) thrown at [C:\workspace\8-2-build-windows-i586-cygwin\jdk8u92\6642\hotspot\src\share\vm\prims\jni.cpp, line 709]
Event: 79.228 Thread 0x26beb800 Exception <a 'sun/nio/fs/WindowsException'> (0x065b0df8) thrown at [C:\workspace\8-2-build-windows-i586-cygwin\jdk8u92\6642\hotspot\src\share\vm\prims\jni.cpp, line 709]
Event: 79.229 Thread 0x26beb800 Exception <a 'sun/nio/fs/WindowsException'> (0x065b13a0) thrown at [C:\workspace\8-2-build-windows-i586-cygwin\jdk8u92\6642\hotspot\src\share\vm\prims\jni.cpp, line 709]
Event: 198.560 Thread 0x2671f400 Exception <a 'java/net/UnknownHostException': api-builder.arduino.cc> (0x059b0ee0) thrown at [C:\workspace\8-2-build-windows-i586-cygwin\jdk8u92\6642\hotspot\src\share\vm\prims\jni.cpp, line 735]

Events (10 events):
Event: 485.841 Executing VM operation: RevokeBias
Event: 485.841 Executing VM operation: RevokeBias done
Event: 485.841 Executing VM operation: RevokeBias
Event: 485.841 Executing VM operation: RevokeBias done
Event: 486.827 Executing VM operation: RevokeBias
Event: 486.827 Executing VM operation: RevokeBias done
Event: 486.828 Executing VM operation: RevokeBias
Event: 486.828 Executing VM operation: RevokeBias done
Event: 486.828 Executing VM operation: RevokeBias
Event: 486.828 Executing VM operation: RevokeBias done


Dynamic libraries:
0x00c50000 - 0x00c83000 	C:\Program Files (x86)\Arduino\java\bin\javaw.exe
0x76f30000 - 0x770b3000 	C:\WINDOWS\SYSTEM32\ntdll.dll
0x74b20000 - 0x74c00000 	C:\WINDOWS\System32\KERNEL32.DLL
0x73ff0000 - 0x74191000 	C:\WINDOWS\System32\KERNELBASE.dll
0x6eb80000 - 0x6ebaf000 	C:\Program Files\AVAST Software\Avast\aswhookx.dll
0x754d0000 - 0x75547000 	C:\WINDOWS\System32\ADVAPI32.dll
0x742b0000 - 0x7436e000 	C:\WINDOWS\System32\msvcrt.dll
0x73a60000 - 0x73aa1000 	C:\WINDOWS\System32\sechost.dll
0x74520000 - 0x745e1000 	C:\WINDOWS\System32\RPCRT4.dll
0x739f0000 - 0x73a0e000 	C:\WINDOWS\System32\SspiCli.dll
0x739e0000 - 0x739ea000 	C:\WINDOWS\System32\CRYPTBASE.dll
0x73cf0000 - 0x73d4a000 	C:\WINDOWS\System32\bcryptPrimitives.dll
0x74610000 - 0x7476f000 	C:\WINDOWS\System32\USER32.dll
0x73ab0000 - 0x73ac5000 	C:\WINDOWS\System32\win32u.dll
0x73ed0000 - 0x73efb000 	C:\WINDOWS\System32\GDI32.dll
0x74370000 - 0x744cb000 	C:\WINDOWS\System32\gdi32full.dll
0x6e7c0000 - 0x6e9ca000 	C:\WINDOWS\WinSxS\x86_microsoft.windows.common-controls_6595b64144ccf1df_6.0.14393.953_none_89c2555adb023171\COMCTL32.dll
0x74900000 - 0x74b11000 	C:\WINDOWS\System32\combase.dll
0x75210000 - 0x752f0000 	C:\WINDOWS\System32\ucrtbase.dll
0x76930000 - 0x76955000 	C:\WINDOWS\System32\IMM32.DLL
0x715a0000 - 0x7165f000 	C:\Program Files (x86)\Arduino\java\bin\msvcr100.dll
0x67580000 - 0x6794b000 	C:\Program Files (x86)\Arduino\java\bin\client\jvm.dll
0x753c0000 - 0x753c6000 	C:\WINDOWS\System32\PSAPI.DLL
0x73700000 - 0x73708000 	C:\WINDOWS\SYSTEM32\WSOCK32.dll
0x752f0000 - 0x75353000 	C:\WINDOWS\System32\WS2_32.dll
0x6ca90000 - 0x6cab4000 	C:\WINDOWS\SYSTEM32\WINMM.dll
0x73250000 - 0x73258000 	C:\WINDOWS\SYSTEM32\VERSION.dll
0x6b0f0000 - 0x6b113000 	C:\WINDOWS\SYSTEM32\WINMMBASE.dll
0x73a20000 - 0x73a56000 	C:\WINDOWS\System32\cfgmgr32.dll
0x71560000 - 0x71591000 	C:\Program Files (x86)\Arduino\java\bin\splashscreen.dll
0x6e730000 - 0x6e7a5000 	C:\WINDOWS\system32\uxtheme.dll
0x71860000 - 0x7186c000 	C:\Program Files (x86)\Arduino\java\bin\verify.dll
0x76960000 - 0x76a95000 	C:\WINDOWS\System32\MSCTF.dll
0x73c50000 - 0x73ce4000 	C:\WINDOWS\System32\OLEAUT32.dll
0x76aa0000 - 0x76b1b000 	C:\WINDOWS\System32\msvcp_win.dll
0x717c0000 - 0x717e1000 	C:\Program Files (x86)\Arduino\java\bin\java.dll
0x71810000 - 0x71823000 	C:\Program Files (x86)\Arduino\java\bin\zip.dll
0x74600000 - 0x7460d000 	C:\WINDOWS\System32\kernel.appcore.dll
0x75550000 - 0x76929000 	C:\WINDOWS\System32\SHELL32.dll
0x74c10000 - 0x7517e000 	C:\WINDOWS\System32\windows.storage.dll
0x74860000 - 0x748a5000 	C:\WINDOWS\System32\powrprof.dll
0x744d0000 - 0x74516000 	C:\WINDOWS\System32\shlwapi.dll
0x741a0000 - 0x74228000 	C:\WINDOWS\System32\shcore.dll
0x73a10000 - 0x73a1f000 	C:\WINDOWS\System32\profapi.dll
0x70fc0000 - 0x71105000 	C:\Program Files (x86)\Arduino\java\bin\awt.dll
0x720a0000 - 0x72132000 	C:\WINDOWS\SYSTEM32\apphelp.dll
0x6cda0000 - 0x6cdbf000 	C:\WINDOWS\system32\dwmapi.dll
0x74770000 - 0x7485a000 	C:\WINDOWS\System32\ole32.dll
0x61740000 - 0x6176c000 	C:\Program Files (x86)\Arduino\lib\listSerialsj.dll
0x76b20000 - 0x76f2b000 	C:\WINDOWS\System32\SETUPAPI.dll
0x72cd0000 - 0x72ce3000 	C:\WINDOWS\SYSTEM32\CRYPTSP.dll
0x72ca0000 - 0x72ccf000 	C:\WINDOWS\system32\rsaenh.dll
0x72c80000 - 0x72c9b000 	C:\WINDOWS\SYSTEM32\bcrypt.dll
0x72170000 - 0x7218a000 	C:\WINDOWS\SYSTEM32\USERENV.dll
0x71540000 - 0x71556000 	C:\Program Files (x86)\Arduino\java\bin\net.dll
0x71b90000 - 0x71bde000 	C:\WINDOWS\system32\mswsock.dll
0x72f30000 - 0x72f5f000 	C:\WINDOWS\SYSTEM32\IPHLPAPI.DLL
0x74c00000 - 0x74c07000 	C:\WINDOWS\System32\NSI.dll
0x71b70000 - 0x71b83000 	C:\WINDOWS\SYSTEM32\dhcpcsvc6.DLL
0x71b50000 - 0x71b64000 	C:\WINDOWS\SYSTEM32\dhcpcsvc.DLL
0x71530000 - 0x7153f000 	C:\Program Files (x86)\Arduino\java\bin\nio.dll
0x25960000 - 0x2599d000 	C:\Users\hp\AppData\Local\Temp\jna-3336\jna9072901650497381924.dll
0x714f0000 - 0x71529000 	C:\Program Files (x86)\Arduino\java\bin\fontmanager.dll
0x714b0000 - 0x714e2000 	C:\Program Files (x86)\Arduino\java\bin\t2k.dll
0x6e350000 - 0x6e372000 	C:\WINDOWS\SYSTEM32\DEVOBJ.dll
0x748b0000 - 0x748f4000 	C:\WINDOWS\System32\WINTRUST.dll
0x745f0000 - 0x745fe000 	C:\WINDOWS\System32\MSASN1.dll
0x73ad0000 - 0x73c4d000 	C:\WINDOWS\System32\CRYPT32.dll
0x731d0000 - 0x7324d000 	C:\WINDOWS\SYSTEM32\DNSAPI.dll
0x70580000 - 0x70588000 	C:\Windows\System32\rasadhlp.dll
0x70f50000 - 0x70fb9000 	C:\Program Files (x86)\Arduino\msvcp100.dll
0x70cb0000 - 0x70d6e000 	C:\Program Files (x86)\Arduino\msvcr100.dll
0x276d0000 - 0x27702000 	C:\Program Files (x86)\Arduino\lib\AStylej.dll
0x71480000 - 0x714a4000 	C:\Program Files (x86)\Arduino\java\bin\dcpr.dll
0x75180000 - 0x75204000 	C:\WINDOWS\System32\clbcatq.dll
0x6c440000 - 0x6c5ae000 	C:\WINDOWS\SYSTEM32\WindowsCodecs.dll
0x69950000 - 0x69994000 	C:\WINDOWS\system32\dataexchange.dll
0x69720000 - 0x69950000 	C:\WINDOWS\system32\d3d11.dll
0x69600000 - 0x69713000 	C:\WINDOWS\system32\dcomp.dll
0x69570000 - 0x695f3000 	C:\WINDOWS\system32\dxgi.dll
0x69470000 - 0x69561000 	C:\WINDOWS\system32\twinapi.appcore.dll
0x6f710000 - 0x6f759000 	C:\WINDOWS\System32\fwpuclnt.dll
0x70c90000 - 0x70cb0000 	C:\Program Files (x86)\Arduino\java\bin\sunec.dll
0x70f40000 - 0x70f49000 	C:\Program Files (x86)\Arduino\java\bin\sunmscapi.dll
0x6fb30000 - 0x6fb42000 	C:\WINDOWS\system32\napinsp.dll
0x6fb10000 - 0x6fb26000 	C:\WINDOWS\system32\pnrpnsp.dll
0x702c0000 - 0x702d4000 	C:\WINDOWS\system32\NLAapi.dll
0x6fb00000 - 0x6fb0c000 	C:\WINDOWS\System32\winrnr.dll
0x6fae0000 - 0x6faf1000 	C:\WINDOWS\System32\wshbth.dll
0x72de0000 - 0x72f25000 	C:\WINDOWS\SYSTEM32\dbghelp.dll

VM Arguments:
jvm_args: -Dsun.java2d.d3d=false -Djna.nosys=true -DAPP_DIR=C:\Program Files (x86)\Arduino -Xms128M -Xmx512M 
java_command: processing.app.Base C:\Users\hp\AndroidStudioProjects\CycLED\cycLED\cycLED.ino
java_class_path (initial): C:\Program Files (x86)\Arduino\lib\apple.jar;C:\Program Files (x86)\Arduino\lib\arduino-core.jar;C:\Program Files (x86)\Arduino\lib\batik-1.8.jar;C:\Program Files (x86)\Arduino\lib\batik-anim-1.8.jar;C:\Program Files (x86)\Arduino\lib\batik-awt-util-1.8.jar;C:\Program Files (x86)\Arduino\lib\batik-bridge-1.8.jar;C:\Program Files (x86)\Arduino\lib\batik-codec-1.8.jar;C:\Program Files (x86)\Arduino\lib\batik-css-1.8.jar;C:\Program Files (x86)\Arduino\lib\batik-dom-1.8.jar;C:\Program Files (x86)\Arduino\lib\batik-ext-1.8.jar;C:\Program Files (x86)\Arduino\lib\batik-gvt-1.8.jar;C:\Program Files (x86)\Arduino\lib\batik-parser-1.8.jar;C:\Program Files (x86)\Arduino\lib\batik-rasterizer-1.8.jar;C:\Program Files (x86)\Arduino\lib\batik-script-1.8.jar;C:\Program Files (x86)\Arduino\lib\batik-squiggle-1.8.jar;C:\Program Files (x86)\Arduino\lib\batik-svg-dom-1.8.jar;C:\Program Files (x86)\Arduino\lib\batik-svgpp-1.8.jar;C:\Program Files (x86)\Arduino\lib\batik-transcoder-1.8.jar;C:\Program Files (x86)\Arduino\lib\batik-util-1.8.jar;C:\Program Files (x86)\Arduino\lib\batik-xml-1.8.jar;C:\Program Files (x86)\Arduino\lib\bcpg-jdk15on-152.jar;C:\Program Files (x86)\Arduino\lib\bcprov-jdk15on-152.jar;C:\Program Files (x86)\Arduino\lib\commons-codec-1.7.jar;C:\Program Files (x86)\Arduino\lib\commons-compress-1.8.jar;C:\Program Files (x86)\Arduino\lib\commons-exec-1.1.jar;C:\Program Files (x86)\Arduino\lib\commons-httpclient-3.1.jar;C:\Program Files (x86)\Arduino\lib\commons-lang3-3.3.2.jar;C:\Program Files (x86)\Arduino\lib\commons-logging-1.0.4.jar;C:\Program Files (x86)\Arduino\lib\commons-net-3.3.jar;C:\Program Files (x86)\Arduino\lib\jackson-annotations-2.6.3.jar;C:\Program Files (x86)\Arduino\lib\jackson-core-2.6.3.jar;C:\Program Files (x86)\Arduino\lib\jackson-databind-2.6.3.jar;C:\Program Files (x86)\Arduino\lib\jackson-module-mrbean-2.6.3.jar;C:\Program Files (x86)\Arduino\lib\java-semver-0.8.0.jar;C:\Program Files (x86)\Arduino\lib\jmdns-3.4.1.j
Launcher Type: SUN_STANDARD

Environment Variables:
JAVA_HOME=C:\Program Files\Java\jdk1.7.0_79
PATH=C:\Program Files (x86)\Intel\iCLS Client\;C:\Program Files\Intel\iCLS Client\;C:\WINDOWS\system32;C:\WINDOWS;C:\WINDOWS\System32\Wbem;C:\WINDOWS\System32\WindowsPowerShell\v1.0\;C:\Program Files (x86)\Intel\Intel(R) Management Engine Components\DAL;C:\Program Files\Intel\Intel(R) Management Engine Components\DAL;C:\Program Files (x86)\Intel\Intel(R) Management Engine Components\IPT;C:\Program Files\Intel\Intel(R) Management Engine Components\IPT;C:\Program Files\Java\jdk1.7.0_79;C:\Program Files\Java\jdk1.7.0_79\bin;C:\Users\hp\Desktop\College\Compilers\javacc\javacc-5.0\bin;C:\Program Files\Git\cmd;C:\Program Files (x86)\Skype\Phone\;C:\Users\hp\AppData\Local\Microsoft\WindowsApps;;C:\Program Files (x86)\Arduino\java\bin
USERNAME=hp
OS=Windows_NT
PROCESSOR_IDENTIFIER=Intel64 Family 6 Model 61 Stepping 4, GenuineIntel



---------------  S Y S T E M  ---------------

OS: Windows 10.0 , 64 bit Build 14393 (10.0.14393.0)

CPU:total 4 (2 cores per cpu, 2 threads per core) family 6 model 61 stepping 4, cmov, cx8, fxsr, mmx, sse, sse2, sse3, ssse3, sse4.1, sse4.2, popcnt, avx, avx2, aes, clmul, erms, 3dnowpref, lzcnt, ht, tsc, tscinvbit, bmi1, bmi2, adx

Memory: 4k page, physical 8309004k(4157968k free), swap 9619724k(4362360k free)

vm_info: Java HotSpot(TM) Client VM (25.92-b14) for windows-x86 JRE (1.8.0_92-b14), built on Mar 31 2016 21:09:21 by "java_re" with MS VC++ 10.0 (VS2010)

time: Thu Mar 23 16:06:55 2017
elapsed time: 487 seconds (0d 0h 8m 7s)

